<?xml version="1.0" encoding="UTF-8"?>
<!-- Generated by org.testng.reporters.JUnitReportReporter -->
<testsuite hostname="LAPTOP-195HFNCL" failures="0" tests="4" name="testcases.TestingXSS" time="24.002" errors="0" timestamp="09 Apr 2023 17:28:25 GMT" skipped="0">
  <testcase classname="testcases.TestingXSS" name="refXSS" time="0.001"/>
  <testcase classname="testcases.TestingXSS" name="storedXSS" time="15.644"/>
  <testcase classname="testcases.TestingXSS" name="canGetWebapp" time="0.834"/>
  <testcase classname="testcases.TestingXSS" name="first_test" time="7.523"/>
</testsuite> <!-- testcases.TestingXSS -->
